ISW_POS/build/intermediates/manifest_merge_blame_file/debug/manifest-merger-blame-debug-report.txt
1<?xml version="1.0" encoding="utf-8"?>
2<manifest xmlns:android="http://schemas.android.com/apk/res/android"
3    package="ng.com.epump.pos.isw" >
4
5    <uses-sdk
6        android:minSdkVersion="21"
6-->src\main\AndroidManifest.xml
7        android:targetSdkVersion="31" />
7-->src\main\AndroidManifest.xml
8
9    <application>
9-->src\main\AndroidManifest.xml:5:5-22:19
10        <activity
10-->src\main\AndroidManifest.xml:6:9-9:52
11            android:name="ng.com.epump.pos.isw.ui.QRActivity"
11-->src\main\AndroidManifest.xml:7:13-42
12            android:exported="false"
12-->src\main\AndroidManifest.xml:8:13-37
13            android:theme="@style/Library_Theme" />
13-->src\main\AndroidManifest.xml:9:13-49
14        <activity
14-->src\main\AndroidManifest.xml:10:9-13:52
15            android:name="ng.com.epump.pos.isw.ui.USSDActivity"
15-->src\main\AndroidManifest.xml:11:13-44
16            android:exported="false"
16-->src\main\AndroidManifest.xml:12:13-37
17            android:theme="@style/Library_Theme" />
17-->src\main\AndroidManifest.xml:13:13-49
18        <activity
18-->src\main\AndroidManifest.xml:14:9-17:52
19            android:name="ng.com.epump.pos.isw.ui.PayCodeActivity"
19-->src\main\AndroidManifest.xml:15:13-47
20            android:exported="false"
20-->src\main\AndroidManifest.xml:16:13-37
21            android:theme="@style/Library_Theme" />
21-->src\main\AndroidManifest.xml:17:13-49
22        <activity
22-->src\main\AndroidManifest.xml:18:9-21:52
23            android:name="ng.com.epump.pos.isw.ui.CardTransactionActivity"
23-->src\main\AndroidManifest.xml:19:13-55
24            android:exported="false"
24-->src\main\AndroidManifest.xml:20:13-37
25            android:theme="@style/Library_Theme" />
25-->src\main\AndroidManifest.xml:21:13-49
26    </application>
27
28</manifest>